<?xml version="1.0" encoding="UTF-8"?>
<testng-results skipped="0" failed="0" ignored="0" total="1" passed="1">
  <reporter-output>
  </reporter-output>
  <suite name="Default suite" duration-ms="11480" started-at="2019-06-16T05:07:02Z" finished-at="2019-06-16T05:07:14Z">
    <groups>
    </groups>
    <test name="Default test" duration-ms="11480" started-at="2019-06-16T05:07:02Z" finished-at="2019-06-16T05:07:14Z">
      <class name="com.syntax.testcases.LoginPageTest">
        <test-method status="PASS" signature="setUp()[pri:0, instance:com.syntax.testcases.LoginPageTest@14acaea5]" name="setUp" is-config="true" duration-ms="8703" started-at="2019-06-16T05:07:02Z" finished-at="2019-06-16T05:07:11Z">
          <reporter-output>
          </reporter-output>
        </test-method> <!-- setUp -->
        <test-method status="PASS" signature="loginToOrangeHRM()[pri:0, instance:com.syntax.testcases.LoginPageTest@14acaea5]" name="loginToOrangeHRM" duration-ms="1799" started-at="2019-06-16T05:07:11Z" finished-at="2019-06-16T05:07:13Z">
          <reporter-output>
          </reporter-output>
        </test-method> <!-- loginToOrangeHRM -->
        <test-method status="PASS" signature="tearDown()[pri:0, instance:com.syntax.testcases.LoginPageTest@14acaea5]" name="tearDown" is-config="true" duration-ms="935" started-at="2019-06-16T05:07:13Z" finished-at="2019-06-16T05:07:14Z">
          <reporter-output>
          </reporter-output>
        </test-method> <!-- tearDown -->
      </class> <!-- com.syntax.testcases.LoginPageTest -->
    </test> <!-- Default test -->
  </suite> <!-- Default suite -->
</testng-results>
